{
  "stats": {
    "suites": 9,
    "tests": 11,
    "passes": 11,
    "pending": 0,
    "failures": 0,
    "start": "2019-05-19T22:39:17.525Z",
    "end": "2019-05-19T22:39:18.092Z",
    "duration": 567,
    "testsRegistered": 14,
    "passPercent": 78.6,
    "pendingPercent": 0,
    "other": 0,
    "hasOther": false,
    "skipped": 3,
    "hasSkipped": true,
    "passPercentClass": "warning",
    "pendingPercentClass": "danger"
  },
  "suites": {
    "uuid": "be4f3719-dd52-4e25-85b5-d37bc662a730",
    "title": "",
    "fullFile": "",
    "file": "",
    "beforeHooks": [],
    "afterHooks": [],
    "tests": [
      {
        "title": "should return -1 when the csv-data-driven value is not present",
        "fullTitle": "should return -1 when the csv-data-driven value is not present",
        "timedOut": false,
        "duration": 0,
        "pass": false,
        "fail": false,
        "pending": false,
        "code": "return f.call(this,testData)",
        "err": {},
        "isRoot": true,
        "uuid": "b33adf89-59b2-45ab-b162-784010ce3f01",
        "isHook": false,
        "skipped": true
      },
      {
        "title": "should return -1 when the csv-data-driven value is not present",
        "fullTitle": "should return -1 when the csv-data-driven value is not present",
        "timedOut": false,
        "duration": 0,
        "pass": false,
        "fail": false,
        "pending": false,
        "code": "return f.call(this,testData)",
        "err": {},
        "isRoot": true,
        "uuid": "998f37ed-1377-4c14-b820-1e7c5022bf1d",
        "isHook": false,
        "skipped": true
      },
      {
        "title": "should return -1 when the csv-data-driven value is not present",
        "fullTitle": "should return -1 when the csv-data-driven value is not present",
        "timedOut": false,
        "duration": 0,
        "pass": false,
        "fail": false,
        "pending": false,
        "code": "return f.call(this,testData)",
        "err": {},
        "isRoot": true,
        "uuid": "1391ca95-17bc-434a-a367-e2dddf90fe50",
        "isHook": false,
        "skipped": true
      }
    ],
    "suites": [
      {
        "uuid": "30b59826-a748-417b-b4b1-067db090b941",
        "title": "Data-driven Tests",
        "fullFile": "/Users/adityai/nodejs-workspace/axios-webservice-test/test/axios-datadriven-test.js",
        "file": "/test/axios-datadriven-test.js",
        "beforeHooks": [],
        "afterHooks": [],
        "tests": [],
        "suites": [
          {
            "uuid": "56867238-1c74-443d-baf1-e2d2df56b135",
            "title": "#simple-datadriven-test",
            "fullFile": "/Users/adityai/nodejs-workspace/axios-webservice-test/test/axios-datadriven-test.js",
            "file": "/test/axios-datadriven-test.js",
            "beforeHooks": [],
            "afterHooks": [],
            "tests": [
              {
                "title": "should return -1 when the data-driven value is not present",
                "fullTitle": "Data-driven Tests #simple-datadriven-test should return -1 when the data-driven value is not present",
                "timedOut": false,
                "duration": 2,
                "state": "passed",
                "speed": "fast",
                "pass": true,
                "fail": false,
                "pending": false,
                "code": "return f.call(this,testData)",
                "err": {},
                "isRoot": false,
                "uuid": "eadc43fa-b97c-4860-8327-aebb5c8cfe6f",
                "isHook": false,
                "skipped": false
              },
              {
                "title": "should return -1 when the data-driven value is not present",
                "fullTitle": "Data-driven Tests #simple-datadriven-test should return -1 when the data-driven value is not present",
                "timedOut": false,
                "duration": 0,
                "state": "passed",
                "speed": "fast",
                "pass": true,
                "fail": false,
                "pending": false,
                "code": "return f.call(this,testData)",
                "err": {},
                "isRoot": false,
                "uuid": "edd7e00a-f429-447c-9c40-ed143e2bb154",
                "isHook": false,
                "skipped": false
              },
              {
                "title": "should return -1 when the data-driven value is not present",
                "fullTitle": "Data-driven Tests #simple-datadriven-test should return -1 when the data-driven value is not present",
                "timedOut": false,
                "duration": 0,
                "state": "passed",
                "speed": "fast",
                "pass": true,
                "fail": false,
                "pending": false,
                "code": "return f.call(this,testData)",
                "err": {},
                "isRoot": false,
                "uuid": "0312a77b-9ba2-42ea-a455-124854b84c00",
                "isHook": false,
                "skipped": false
              }
            ],
            "suites": [],
            "passes": [
              "eadc43fa-b97c-4860-8327-aebb5c8cfe6f",
              "edd7e00a-f429-447c-9c40-ed143e2bb154",
              "0312a77b-9ba2-42ea-a455-124854b84c00"
            ],
            "failures": [],
            "pending": [],
            "skipped": [],
            "duration": 2,
            "root": false,
            "rootEmpty": false,
            "_timeout": 2000
          },
          {
            "uuid": "ca847bee-6b75-40b9-91e5-1ab69319d488",
            "title": "#json-datadriven-test",
            "fullFile": "/Users/adityai/nodejs-workspace/axios-webservice-test/test/axios-datadriven-test.js",
            "file": "/test/axios-datadriven-test.js",
            "beforeHooks": [],
            "afterHooks": [],
            "tests": [
              {
                "title": "should return -1 when the json-data-driven value is not present",
                "fullTitle": "Data-driven Tests #json-datadriven-test should return -1 when the json-data-driven value is not present",
                "timedOut": false,
                "duration": 0,
                "state": "passed",
                "speed": "fast",
                "pass": true,
                "fail": false,
                "pending": false,
                "code": "return f.call(this,testData)",
                "err": {},
                "isRoot": false,
                "uuid": "c5086e0c-3021-4dc7-bc27-9dd5fdfcda19",
                "isHook": false,
                "skipped": false
              },
              {
                "title": "should return -1 when the json-data-driven value is not present",
                "fullTitle": "Data-driven Tests #json-datadriven-test should return -1 when the json-data-driven value is not present",
                "timedOut": false,
                "duration": 0,
                "state": "passed",
                "speed": "fast",
                "pass": true,
                "fail": false,
                "pending": false,
                "code": "return f.call(this,testData)",
                "err": {},
                "isRoot": false,
                "uuid": "4d1d5788-9890-4de2-a8a1-444cbb587836",
                "isHook": false,
                "skipped": false
              },
              {
                "title": "should return -1 when the json-data-driven value is not present",
                "fullTitle": "Data-driven Tests #json-datadriven-test should return -1 when the json-data-driven value is not present",
                "timedOut": false,
                "duration": 0,
                "state": "passed",
                "speed": "fast",
                "pass": true,
                "fail": false,
                "pending": false,
                "code": "return f.call(this,testData)",
                "err": {},
                "isRoot": false,
                "uuid": "c38fc129-99a0-44b7-b35c-c175c6e2713f",
                "isHook": false,
                "skipped": false
              }
            ],
            "suites": [],
            "passes": [
              "c5086e0c-3021-4dc7-bc27-9dd5fdfcda19",
              "4d1d5788-9890-4de2-a8a1-444cbb587836",
              "c38fc129-99a0-44b7-b35c-c175c6e2713f"
            ],
            "failures": [],
            "pending": [],
            "skipped": [],
            "duration": 0,
            "root": false,
            "rootEmpty": false,
            "_timeout": 2000
          },
          {
            "uuid": "089a729a-145c-4442-93b2-19969bd95835",
            "title": "#csv-datadriven-test",
            "fullFile": "/Users/adityai/nodejs-workspace/axios-webservice-test/test/axios-datadriven-test.js",
            "file": "/test/axios-datadriven-test.js",
            "beforeHooks": [],
            "afterHooks": [],
            "tests": [
              {
                "title": "test",
                "fullTitle": "Data-driven Tests #csv-datadriven-test test",
                "timedOut": false,
                "duration": 2,
                "state": "passed",
                "speed": "fast",
                "pass": true,
                "fail": false,
                "pending": false,
                "code": "csv().fromFile('test-data.csv').then(test_data => {\n    data_driven(test_data, function () {\n        it('should return -1 when the csv-data-driven value is not present', function (passedValue) {\n            softAssert.softAssert((-1, [1, 2, 5].indexOf(passedValue.value)))\n        });\n        console.log(test_data);\n    });\n});",
                "err": {},
                "isRoot": false,
                "uuid": "7875bbd0-753d-4549-bbf9-efb5e339aa09",
                "isHook": false,
                "skipped": false
              }
            ],
            "suites": [],
            "passes": [
              "7875bbd0-753d-4549-bbf9-efb5e339aa09"
            ],
            "failures": [],
            "pending": [],
            "skipped": [],
            "duration": 2,
            "root": false,
            "rootEmpty": false,
            "_timeout": 2000
          }
        ],
        "passes": [],
        "failures": [],
        "pending": [],
        "skipped": [],
        "duration": 0,
        "root": false,
        "rootEmpty": false,
        "_timeout": 2000
      },
      {
        "uuid": "ad5f6ac1-5e63-4a79-972f-2734a91add27",
        "title": "Axios Tests",
        "fullFile": "/Users/adityai/nodejs-workspace/axios-webservice-test/test/axios-sample-test.js",
        "file": "/test/axios-sample-test.js",
        "beforeHooks": [],
        "afterHooks": [],
        "tests": [],
        "suites": [
          {
            "uuid": "5afa249a-4a34-4a36-b8e6-73f10c132593",
            "title": "#indexOf()",
            "fullFile": "/Users/adityai/nodejs-workspace/axios-webservice-test/test/axios-sample-test.js",
            "file": "/test/axios-sample-test.js",
            "beforeHooks": [],
            "afterHooks": [],
            "tests": [
              {
                "title": "should return -1 when the value is not present",
                "fullTitle": "Axios Tests #indexOf() should return -1 when the value is not present",
                "timedOut": false,
                "duration": 0,
                "state": "passed",
                "speed": "fast",
                "pass": true,
                "fail": false,
                "pending": false,
                "code": "assert.equal([1, 2, 3].indexOf(4), -1);",
                "err": {},
                "isRoot": false,
                "uuid": "a8d6685b-949b-41f6-b838-fad7d65cb556",
                "isHook": false,
                "skipped": false
              },
              {
                "title": "should return 1 when index is 2",
                "fullTitle": "Axios Tests #indexOf() should return 1 when index is 2",
                "timedOut": false,
                "duration": 0,
                "state": "passed",
                "speed": "fast",
                "pass": true,
                "fail": false,
                "pending": false,
                "code": "assert.equal([1, 2, 3].indexOf(3), 2)",
                "err": {},
                "isRoot": false,
                "uuid": "01950eb0-3425-4154-a619-c149bdf6fa5e",
                "isHook": false,
                "skipped": false
              }
            ],
            "suites": [],
            "passes": [
              "a8d6685b-949b-41f6-b838-fad7d65cb556",
              "01950eb0-3425-4154-a619-c149bdf6fa5e"
            ],
            "failures": [],
            "pending": [],
            "skipped": [],
            "duration": 0,
            "root": false,
            "rootEmpty": false,
            "_timeout": 2000
          },
          {
            "uuid": "185df939-682a-42b3-86a2-444692d5dc2c",
            "title": "#pokemon-get",
            "fullFile": "/Users/adityai/nodejs-workspace/axios-webservice-test/test/axios-sample-test.js",
            "file": "/test/axios-sample-test.js",
            "beforeHooks": [],
            "afterHooks": [],
            "tests": [
              {
                "title": "should be lightning-rod and url is https://pokeapi.co/api/v2/ability/31",
                "fullTitle": "Axios Tests #pokemon-get should be lightning-rod and url is https://pokeapi.co/api/v2/ability/31",
                "timedOut": false,
                "duration": 328,
                "state": "passed",
                "speed": "slow",
                "pass": true,
                "fail": false,
                "pending": false,
                "code": "return axios.get('https://pokeapi.co/api/v2/pokemon/25')\n    .then(response => {\n        expect(response.data.abilities[0].ability.name).to.equal('lightning-rod');\n        expect(response.data.abilities[0].ability.url).to.equal('https://pokeapi.co/api/v2/ability/31/');\n        // assert.equals(response.abilities[0].ability.name, 'lightning-rod');\n    });",
                "err": {},
                "isRoot": false,
                "uuid": "90ebf53b-093e-4a14-bb5d-91bc93aaa8d3",
                "isHook": false,
                "skipped": false
              }
            ],
            "suites": [],
            "passes": [
              "90ebf53b-093e-4a14-bb5d-91bc93aaa8d3"
            ],
            "failures": [],
            "pending": [],
            "skipped": [],
            "duration": 328,
            "root": false,
            "rootEmpty": false,
            "_timeout": 2000
          }
        ],
        "passes": [],
        "failures": [],
        "pending": [],
        "skipped": [],
        "duration": 0,
        "root": false,
        "rootEmpty": false,
        "_timeout": 2000
      },
      {
        "uuid": "0591cba6-63a8-4dfe-bb23-f25fbcdfc34d",
        "title": "Soft-Assert Tests",
        "fullFile": "/Users/adityai/nodejs-workspace/axios-webservice-test/test/axios-soft-assert-test.js",
        "file": "/test/axios-soft-assert-test.js",
        "beforeHooks": [],
        "afterHooks": [],
        "tests": [],
        "suites": [
          {
            "uuid": "09cc4dad-ec12-4351-b62d-b54600ed08fe",
            "title": "#pokemon-get",
            "fullFile": "/Users/adityai/nodejs-workspace/axios-webservice-test/test/axios-soft-assert-test.js",
            "file": "/test/axios-soft-assert-test.js",
            "beforeHooks": [],
            "afterHooks": [],
            "tests": [
              {
                "title": "should be lightning-rod and url is https://pokeapi.co/api/v2/ability/31",
                "fullTitle": "Soft-Assert Tests #pokemon-get should be lightning-rod and url is https://pokeapi.co/api/v2/ability/31",
                "timedOut": false,
                "duration": 204,
                "state": "passed",
                "speed": "slow",
                "pass": true,
                "fail": false,
                "pending": false,
                "code": "return axios.get('https://pokeapi.co/api/v2/pokemon/25')\n    .then(response => {\n        softAssert.softAssert(response.data.abilities[0].ability.name, 'lightning-rod', 'name expected is lightning-rod', true);\n        softAssert.softAssert(response.data.abilities[0].ability.url, 'https://pokeapi.co/api/v2/ability/31/', 'url expected is https://pokeapi.co/api/v2/ability/31/', true);\n        softAssert.softAssertAll();\n    });",
                "err": {},
                "isRoot": false,
                "uuid": "26631fb6-2efd-490e-a32e-d02dd662d77a",
                "isHook": false,
                "skipped": false
              }
            ],
            "suites": [],
            "passes": [
              "26631fb6-2efd-490e-a32e-d02dd662d77a"
            ],
            "failures": [],
            "pending": [],
            "skipped": [],
            "duration": 204,
            "root": false,
            "rootEmpty": false,
            "_timeout": 2000
          }
        ],
        "passes": [],
        "failures": [],
        "pending": [],
        "skipped": [],
        "duration": 0,
        "root": false,
        "rootEmpty": false,
        "_timeout": 2000
      }
    ],
    "passes": [],
    "failures": [],
    "pending": [],
    "skipped": [
      "b33adf89-59b2-45ab-b162-784010ce3f01",
      "998f37ed-1377-4c14-b820-1e7c5022bf1d",
      "1391ca95-17bc-434a-a367-e2dddf90fe50"
    ],
    "duration": 0,
    "root": true,
    "rootEmpty": false,
    "_timeout": 2000
  },
  "copyrightYear": 2019
}